#
# There is insufficient memory for the Java Runtime Environment to continue.
# Native memory allocation (mmap) failed to map 532676608 bytes for G1 virtual space
# Possible reasons:
#   The system is out of physical RAM or swap space
#   The process is running with CompressedOops enabled, and the Java Heap may be blocking the growth of the native heap
# Possible solutions:
#   Reduce memory load on the system
#   Increase physical memory or swap space
#   Check if swap backing store is full
#   Decrease Java heap size (-Xmx/-Xms)
#   Decrease number of Java threads
#   Decrease Java thread stack sizes (-Xss)
#   Set larger code cache with -XX:ReservedCodeCacheSize=
#   JVM is running with Zero Based Compressed Oops mode in which the Java heap is
#     placed in the first 32GB address space. The Java Heap base address is the
#     maximum limit for the native heap growth. Please use -XX:HeapBaseMinAddress
#     to set the Java Heap base and to place the Java Heap above 32GB virtual address.
# This output file may be truncated or incomplete.
#
#  Out of Memory Error (os_windows.cpp:3530), pid=78792, tid=89140
#
# JRE version:  (18.0.2.1+1) (build )
# Java VM: Java HotSpot(TM) 64-Bit Server VM (18.0.2.1+1-1, mixed mode, emulated-client, sharing, tiered, compressed oops, compressed class ptrs, g1 gc, windows-amd64)
# No core dump will be written. Minidumps are not enabled by default on client versions of Windows
#

---------------  S U M M A R Y ------------

Command Line: -Dcom.sun.management.jmxremote -Dcom.sun.management.jmxremote.port=50993 -Dcom.sun.management.jmxremote.authenticate=false -Dcom.sun.management.jmxremote.ssl=false -Djava.rmi.server.hostname=localhost -Dspring.jmx.enabled=true -Dmanagement.endpoints.jmx.exposure.include=* -Dspring.application.admin.enabled=true -Dspring.output.ansi.enabled=always -XX:TieredStopAtLevel=1 -Dspring.boot.project.name=authorization-server -Dfile.encoding=UTF-8 -Dstdout.encoding=UTF-8 -Dstderr.encoding=UTF-8 -XX:+ShowCodeDetailsInExceptionMessages com.aa.auth.AuthorizationServerApplication

Host: 11th Gen Intel(R) Core(TM) i5-11400H @ 2.70GHz, 12 cores, 31G,  Windows 11 , 64 bit Build 26100 (10.0.26100.8521)
Time: Tue Jun 23 22:40:37 2026 Hora est嫕dar central (M憖ico) elapsed time: 1.070411 seconds (0d 0h 0m 1s)

---------------  T H R E A D  ---------------

Current thread (0x00000279f64c4ae0):  JavaThread "Unknown thread" [_thread_in_vm, id=89140, stack(0x000000f725000000,0x000000f725100000)]

Stack: [0x000000f725000000,0x000000f725100000]
Native frames: (J=compiled Java code, j=interpreted, Vv=VM code, C=native code)
V  [jvm.dll+0x6993aa]
V  [jvm.dll+0x7f46dd]
V  [jvm.dll+0x7f5fee]
V  [jvm.dll+0x7f66a3]
V  [jvm.dll+0x25cf1f]
V  [jvm.dll+0x6962f9]
V  [jvm.dll+0x68ae2a]
V  [jvm.dll+0x32255b]
V  [jvm.dll+0x329f36]
V  [jvm.dll+0x37eade]
V  [jvm.dll+0x37ed0f]
V  [jvm.dll+0x2fa2da]
V  [jvm.dll+0x2fb33d]
V  [jvm.dll+0x7c3310]
V  [jvm.dll+0x38be61]
V  [jvm.dll+0x7a2023]
V  [jvm.dll+0x40dc3f]
V  [jvm.dll+0x40f611]
C  [jli.dll+0x526b]
C  [ucrtbase.dll+0x2cd30]
C  [KERNEL32.DLL+0x2e957]
C  [ntdll.dll+0x87c1c]


---------------  P R O C E S S  ---------------

Threads class SMR info:
_java_thread_list=0x00007ffad137e550, length=0, elements={
}

Java Threads: ( => current thread )

Other Threads:
  0x00000279f6535100 WorkerThread "GC Thread#0" [stack: 0x000000f725100000,0x000000f725200000] [id=91752]
  0x00000279f6545b80 ConcurrentGCThread "G1 Main Marker" [stack: 0x000000f725200000,0x000000f725300000] [id=88384]
  0x00000279f6547150 WorkerThread "G1 Conc#0" [stack: 0x000000f725300000,0x000000f725400000] [id=81600]

[error occurred during error reporting (printing all threads), id 0xc0000005, EXCEPTION_ACCESS_VIOLATION (0xc0000005) at pc=0x00007ffad0baa877]

VM state: not at safepoint (not fully initialized)

VM Mutex/Monitor currently owned by a thread:  ([mutex/lock_event])
[0x00000279f61ec070] Heap_lock - owner thread: 0x00000279f64c4ae0

Heap address: 0x0000000605800000, size: 8104 MB, Compressed Oops mode: Zero based, Oop shift amount: 3

CDS archive(s) mapped at: [0x0000000000000000-0x0000000000000000-0x0000000000000000), size 0, SharedBaseAddress: 0x0000000800000000, ArchiveRelocationMode: 0.
Narrow klass base: 0x0000000000000000, Narrow klass shift: 0, Narrow klass range: 0x0

GC Precious Log:
 CardTable entry size: 512
 Card Set container configuration: InlinePtr #cards 4 size 8 Array Of Cards #cards 32 size 80 Howl #buckets 8 coarsen threshold 7372 Howl Bitmap #cards 1024 size 144 coarsen threshold 921 Card regions per heap region 1 cards per card region 8192

Heap:
 garbage-first heap   total 0K, used 0K [0x0000000605800000, 0x0000000800000000)
  region size 4096K, 0 young (0K), 0 survivors (0K)

[error occurred during error reporting (printing heap information), id 0xc0000005, EXCEPTION_ACCESS_VIOLATION (0xc0000005) at pc=0x00007ffad0f91839]

GC Heap History (0 events):
No events

Deoptimization events (0 events):
No events

Classes loaded (0 events):
No events

Classes unloaded (0 events):
No events

Classes redefined (0 events):
No events

Internal exceptions (0 events):
No events

VM Operations (0 events):
No events

Events (1 events):
Event: 0.006 Loaded shared library C:\Program Files\Java\jdk-18.0.2.1\bin\java.dll


Dynamic libraries:
0x00007ff7b3850000 - 0x00007ff7b3860000 	C:\Program Files\Java\jdk-18.0.2.1\bin\javaw.exe
0x00007ffb8e900000 - 0x00007ffb8eb66000 	C:\WINDOWS\SYSTEM32\ntdll.dll
0x00007ffb8d450000 - 0x00007ffb8d519000 	C:\WINDOWS\System32\KERNEL32.DLL
0x00007ffb8beb0000 - 0x00007ffb8c2aa000 	C:\WINDOWS\System32\KERNELBASE.dll
0x00007ffb8c520000 - 0x00007ffb8c66c000 	C:\WINDOWS\System32\ucrtbase.dll
0x00007ffafcf30000 - 0x00007ffafcf48000 	C:\Program Files\Java\jdk-18.0.2.1\bin\jli.dll
0x00007ffafcf50000 - 0x00007ffafcf6a000 	C:\Program Files\Java\jdk-18.0.2.1\bin\VCRUNTIME140.dll
0x00007ffb8dfb0000 - 0x00007ffb8e066000 	C:\WINDOWS\System32\ADVAPI32.dll
0x00007ffb8df00000 - 0x00007ffb8dfa9000 	C:\WINDOWS\System32\msvcrt.dll
0x00007ffb8ca20000 - 0x00007ffb8caca000 	C:\WINDOWS\System32\sechost.dll
0x00007ffb8e0a0000 - 0x00007ffb8e1b8000 	C:\WINDOWS\System32\RPCRT4.dll
0x00007ffb8e240000 - 0x00007ffb8e407000 	C:\WINDOWS\System32\USER32.dll
0x00007ffb8be80000 - 0x00007ffb8bea7000 	C:\WINDOWS\System32\win32u.dll
0x00007ffb6e6a0000 - 0x00007ffb6e932000 	C:\WINDOWS\WinSxS\amd64_microsoft.windows.common-controls_6595b64144ccf1df_6.0.26100.8521_none_3e08b75ce33403b3\COMCTL32.dll
0x00007ffb8cad0000 - 0x00007ffb8cafb000 	C:\WINDOWS\System32\GDI32.dll
0x00007ffb8c2b0000 - 0x00007ffb8c3db000 	C:\WINDOWS\System32\gdi32full.dll
0x00007ffb8c3e0000 - 0x00007ffb8c483000 	C:\WINDOWS\System32\msvcp_win.dll
0x00007ffb80ed0000 - 0x00007ffb80edb000 	C:\WINDOWS\SYSTEM32\VERSION.dll
0x00007ffb8d340000 - 0x00007ffb8d372000 	C:\WINDOWS\System32\IMM32.DLL
0x00007ffb14850000 - 0x00007ffb1485c000 	C:\Program Files\Java\jdk-18.0.2.1\bin\vcruntime140_1.dll
0x00007ffae37c0000 - 0x00007ffae384d000 	C:\Program Files\Java\jdk-18.0.2.1\bin\msvcp140.dll
0x00007ffad08a0000 - 0x00007ffad14b1000 	C:\Program Files\Java\jdk-18.0.2.1\bin\server\jvm.dll
0x00007ffb8d170000 - 0x00007ffb8d178000 	C:\WINDOWS\System32\PSAPI.DLL
0x00007ffb7b120000 - 0x00007ffb7b156000 	C:\WINDOWS\SYSTEM32\WINMM.dll
0x00007ffb02150000 - 0x00007ffb0215a000 	C:\WINDOWS\SYSTEM32\WSOCK32.dll
0x00007ffb8d2b0000 - 0x00007ffb8d330000 	C:\WINDOWS\System32\WS2_32.dll
0x00007ffb8a920000 - 0x00007ffb8a93b000 	C:\WINDOWS\SYSTEM32\kernel.appcore.dll
0x00007ffb02040000 - 0x00007ffb0204a000 	C:\Program Files\Java\jdk-18.0.2.1\bin\jimage.dll
0x00007ffb890b0000 - 0x00007ffb892f2000 	C:\WINDOWS\SYSTEM32\DBGHELP.DLL
0x00007ffb8cde0000 - 0x00007ffb8d163000 	C:\WINDOWS\System32\combase.dll
0x00007ffb8cd00000 - 0x00007ffb8cdd9000 	C:\WINDOWS\System32\OLEAUT32.dll
0x00007ffb54770000 - 0x00007ffb547ab000 	C:\WINDOWS\SYSTEM32\dbgcore.DLL
0x00007ffb8bdd0000 - 0x00007ffb8be78000 	C:\WINDOWS\System32\bcryptPrimitives.dll
0x00007ffafc880000 - 0x00007ffafc8a5000 	C:\Program Files\Java\jdk-18.0.2.1\bin\java.dll

dbghelp: loaded successfully - version: 4.0.5 - missing functions: none
symbol engine: initialized successfully - sym options: 0x614 - pdb path: .;C:\Program Files\Java\jdk-18.0.2.1\bin;C:\WINDOWS\SYSTEM32;C:\WINDOWS\WinSxS\amd64_microsoft.windows.common-controls_6595b64144ccf1df_6.0.26100.8521_none_3e08b75ce33403b3;C:\Program Files\Java\jdk-18.0.2.1\bin\server

VM Arguments:
jvm_args: -Dcom.sun.management.jmxremote -Dcom.sun.management.jmxremote.port=50993 -Dcom.sun.management.jmxremote.authenticate=false -Dcom.sun.management.jmxremote.ssl=false -Djava.rmi.server.hostname=localhost -Dspring.jmx.enabled=true -Dmanagement.endpoints.jmx.exposure.include=* -Dspring.application.admin.enabled=true -Dspring.output.ansi.enabled=always -XX:TieredStopAtLevel=1 -Dspring.boot.project.name=authorization-server -Dfile.encoding=UTF-8 -Dstdout.encoding=UTF-8 -Dstderr.encoding=UTF-8 -XX:+ShowCodeDetailsInExceptionMessages 
java_command: com.aa.auth.AuthorizationServerApplication
java_class_path (initial): C:\Users\znaif\OneDrive\Documentos\CAPACITACION TRSOTWARE\STS\ProyectoFinal\authorization-server\target\classes;C:\Users\znaif\.m2\repository\org\springframework\boot\spring-boot-starter-data-jpa\3.5.15\spring-boot-starter-data-jpa-3.5.15.jar;C:\Users\znaif\.m2\repository\org\springframework\boot\spring-boot-starter\3.5.15\spring-boot-starter-3.5.15.jar;C:\Users\znaif\.m2\repository\org\springframework\boot\spring-boot\3.5.15\spring-boot-3.5.15.jar;C:\Users\znaif\.m2\repository\org\springframework\boot\spring-boot-autoconfigure\3.5.15\spring-boot-autoconfigure-3.5.15.jar;C:\Users\znaif\.m2\repository\org\springframework\boot\spring-boot-starter-logging\3.5.15\spring-boot-starter-logging-3.5.15.jar;C:\Users\znaif\.m2\repository\ch\qos\logback\logback-classic\1.5.34\logback-classic-1.5.34.jar;C:\Users\znaif\.m2\repository\ch\qos\logback\logback-core\1.5.34\logback-core-1.5.34.jar;C:\Users\znaif\.m2\repository\org\apache\logging\log4j\log4j-to-slf4j\2.24.3\log4j-to-slf4j-2.24.3.jar;C:\Users\znaif\.m2\repository\org\apache\logging\log4j\log4j-api\2.24.3\log4j-api-2.24.3.jar;C:\Users\znaif\.m2\repository\org\slf4j\jul-to-slf4j\2.0.18\jul-to-slf4j-2.0.18.jar;C:\Users\znaif\.m2\repository\jakarta\annotation\jakarta.annotation-api\2.1.1\jakarta.annotation-api-2.1.1.jar;C:\Users\znaif\.m2\repository\org\yaml\snakeyaml\2.4\snakeyaml-2.4.jar;C:\Users\znaif\.m2\repository\org\springframework\boot\spring-boot-starter-jdbc\3.5.15\spring-boot-starter-jdbc-3.5.15.jar;C:\Users\znaif\.m2\repository\com\zaxxer\HikariCP\6.3.3\HikariCP-6.3.3.jar;C:\Users\znaif\.m2\repository\org\springframework\spring-jdbc\6.2.19\spring-jdbc-6.2.19.jar;C:\Users\znaif\.m2\repository\org\hibernate\orm\hibernate-core\6.6.53.Final\hibernate-core-6.6.53.Final.jar;C:\Users\znaif\.m2\repository\jakarta\persistence\jakarta.persistence-api\3.1.0\jakarta.persistence-api-3.1.0.jar;C:\Users\znaif\.m2\repository\jakarta\transaction\jakarta.transaction-api\2.0.1\jakarta.transaction-api-2.0.1.jar;C:\Users\znaif\.m2\repository\org\jboss\logging\jboss-logging\3.6.3.Final\jboss-logging-3.6.3.Final.jar;C:\Users\znaif\.m2\repository\org\hibernate\common\hibernate-commons-annotations\7.0.3.Final\hibernate-commons-annotations-7.0.3.Final.jar;C:\Users\znaif\.m2\repository\io\smallrye\jandex\3.2.0\jandex-3.2.0.jar;C:\Users\znaif\.m2\repository\com\fasterxml\classmate\1.7.3\classmate-1.7.3.jar;C:\Users\znaif\.m2\repository\net\bytebuddy\byte-buddy\1.17.8\byte-buddy-1.17.8.jar;C:\Users\znaif\.m2\repository\org\glassfish\jaxb\jaxb-runtime\4.0.9\jaxb-runtime-4.0.9.jar;C:\Users\znaif\.m2\repository\org\glassfish\jaxb\jaxb-core\4.0.9\jaxb-core-4.0.9.jar;C:\Users\znaif\.m2\repository\org\eclipse\angus\angus-activation\2.0.3\angus-activation-2.0.3.jar;C:\Users\znaif\.m2\repository\org\glassfish\jaxb\txw2\4.0.9\txw2-4.0.9.jar;C:\Users\znaif\.m2\repository\com\sun\istack\istack-commons-runtime\4.1.2\istack-commons-runtime-4.1.2.jar;C:\Users\znaif\.m2\repository\jakarta\inject\jakarta.inject-api\2.0.1\jakarta.inject-api-2.0.1.jar;C:\Users\znaif\.m2\repository\org\antlr\antlr4-runtime\4.13.2\antlr4-runtime-4.13.2.jar;C:\Users\znaif\.m2\repository\org\springframework\data\spring-data-jpa\3.5.12\spring-data-jpa-3.5.12.jar;C:\Users\znaif\.m2\repository\org\springframework\data\spring-data-commons\3.5.12\spring-data-commons-3.5.12.jar;C:\Users\znaif\.m2\repository\org\springframework\spring-orm\6.2.19\spring-orm-6.2.19.jar;C:\Users\znaif\.m2\repository\org\springframework\spring-context\6.2.19\spring-context-6.2.19.jar;C:\Users\znaif\.m2\repository\org\springframework\spring-aop\6.2.19\spring-aop-6.2.19.jar;C:\Users\znaif\.m2\repository\org\springframework\spring-tx\6.2.19\spring-tx-6.2.19.jar;C:\Users\znaif\.m2\repository\org\springframework\spring-beans\6.2.19\spring-beans-6.2.19.jar;C:\Users\znaif\.m2\repository\org\slf4j\slf4j-api\2.0.18\slf4j-api-2.0.18.jar;C:\Users\znaif\.m2\repository\org\springframework\spring-aspects\6.2.19\spring-aspects-6.2.19.jar;C:\Users\znaif\.m2\repository\org\aspectj\aspectjweaver\1.9.25.1\aspectjweaver-1.9.25.1.jar;C:\Users\znaif\.m2\repository\org\springframework\boot\spring-boot-starter-oauth2-authorization-server\3.5.15\spring-boot-starter-oauth2-authorization-server-3.5.15.jar;C:\Users\znaif\.m2\repository\org\springframework\security\spring-security-oauth2-authorization-server\1.5.8\spring-security-oauth2-authorization-server-1.5.8.jar;C:\Users\znaif\.m2\repository\org\springframework\security\spring-security-config\6.5.11\spring-security-config-6.5.11.jar;C:\Users\znaif\.m2\repository\org\springframework\security\spring-security-core\6.5.11\spring-security-core-6.5.11.jar;C:\Users\znaif\.m2\repository\org\springframework\security\spring-security-crypto\6.5.11\spring-security-crypto-6.5.11.jar;C:\Users\znaif\.m2\repository\org\springframework\security\spring-security-web\6.5.11\spring-security-web-6.5.11.jar;C:\Users\znaif\.m2\repository\org\springframework\security\spring-security-oauth2-core\6.5.11\spring-security-oauth2-core-6.5.11.jar;C:\Users\znaif\.m2\repository\org\springframework\security\spring-security-oauth2-jose\6.5.11\spring-security-oauth2-jose-6.5.11.jar;C:\Users\znaif\.m2\repository\org\springframework\security\spring-security-oauth2-resource-server\6.5.11\spring-security-oauth2-resource-server-6.5.11.jar;C:\Users\znaif\.m2\repository\com\nimbusds\nimbus-jose-jwt\9.47\nimbus-jose-jwt-9.47.jar;C:\Users\znaif\.m2\repository\com\fasterxml\jackson\core\jackson-databind\2.21.4\jackson-databind-2.21.4.jar;C:\Users\znaif\.m2\repository\com\fasterxml\jackson\core\jackson-annotations\2.21\jackson-annotations-2.21.jar;C:\Users\znaif\.m2\repository\com\fasterxml\jackson\core\jackson-core\2.21.4\jackson-core-2.21.4.jar;C:\Users\znaif\.m2\repository\org\springframework\boot\spring-boot-starter-validation\3.5.15\spring-boot-starter-validation-3.5.15.jar;C:\Users\znaif\.m2\repository\org\apache\tomcat\embed\tomcat-embed-el\10.1.55\tomcat-embed-el-10.1.55.jar;C:\Users\znaif\.m2\repository\org\hibernate\validator\hibernate-validator\8.0.3.Final\hibernate-validator-8.0.3.Final.jar;C:\Users\znaif\.m2\repository\jakarta\validation\jakarta.validation-api\3.0.2\jakarta.validation-api-3.0.2.jar;C:\Users\znaif\.m2\repository\org\springframework\boot\spring-boot-starter-web\3.5.15\spring-boot-starter-web-3.5.15.jar;C:\Users\znaif\.m2\repository\org\springframework\boot\spring-boot-starter-json\3.5.15\spring-boot-starter-json-3.5.15.jar;C:\Users\znaif\.m2\repository\com\fasterxml\jackson\datatype\jackson-datatype-jdk8\2.21.4\jackson-datatype-jdk8-2.21.4.jar;C:\Users\znaif\.m2\repository\com\fasterxml\jackson\datatype\jackson-datatype-jsr310\2.21.4\jackson-datatype-jsr310-2.21.4.jar;C:\Users\znaif\.m2\repository\com\fasterxml\jackson\module\jackson-module-parameter-names\2.21.4\jackson-module-parameter-names-2.21.4.jar;C:\Users\znaif\.m2\repository\org\springframework\boot\spring-boot-starter-tomcat\3.5.15\spring-boot-starter-tomcat-3.5.15.jar;C:\Users\znaif\.m2\repository\org\apache\tomcat\embed\tomcat-embed-core\10.1.55\tomcat-embed-core-10.1.55.jar;C:\Users\znaif\.m2\repository\org\apache\tomcat\embed\tomcat-embed-websocket\10.1.55\tomcat-embed-websocket-10.1.55.jar;C:\Users\znaif\.m2\repository\org\springframework\spring-web\6.2.19\spring-web-6.2.19.jar;C:\Users\znaif\.m2\repository\io\micrometer\micrometer-observation\1.15.12\micrometer-observation-1.15.12.jar;C:\Users\znaif\.m2\repository\io\micrometer\micrometer-commons\1.15.12\micrometer-commons-1.15.12.jar;C:\Users\znaif\.m2\repository\org\springframework\spring-webmvc\6.2.19\spring-webmvc-6.2.19.jar;C:\Users\znaif\.m2\repository\org\springframework\spring-expression\6.2.19\spring-expression-6.2.19.jar;C:\Users\znaif\.m2\repository\com\oracle\database\jdbc\ojdbc11\23.7.0.25.01\ojdbc11-23.7.0.25.01.jar;C:\Users\znaif\.m2\repository\org\projectlombok\lombok\1.18.46\lombok-1.18.46.jar;C:\Users\znaif\.m2\repository\jakarta\xml\bind\jakarta.xml.bind-api\4.0.5\jakarta.xml.bind-api-4.0.5.jar;C:\Users\znaif\.m2\repository\jakarta\activation\jakarta.activation-api\2.1.4\jakarta.activation-api-2.1.4.jar;C:\Users\znaif\.m2\repository\org\springframework\spring-core\6.2.19\spring-core-6.2.19.jar;C:\Users\znaif\.m2\repository\org\springframework\spring-jcl\6.2.19\spring-jcl-6.2.19.jar
Launcher Type: SUN_STANDARD

[Global flags]
     intx CICompilerCount                          = 4                                         {product} {ergonomic}
     uint ConcGCThreads                            = 3                                         {product} {ergonomic}
     uint G1ConcRefinementThreads                  = 10                                        {product} {ergonomic}
   size_t G1HeapRegionSize                         = 4194304                                   {product} {ergonomic}
    uintx GCDrainStackTargetSize                   = 64                                        {product} {ergonomic}
   size_t InitialHeapSize                          = 532676608                                 {product} {ergonomic}
     bool ManagementServer                         = true                                      {product} {command line}
   size_t MarkStackSize                            = 4194304                                   {product} {ergonomic}
   size_t MaxHeapSize                              = 8497659904                                {product} {ergonomic}
   size_t MinHeapDeltaBytes                        = 4194304                                   {product} {ergonomic}
   size_t MinHeapSize                              = 8388608                                   {product} {ergonomic}
    uintx NonProfiledCodeHeapSize                  = 0                                      {pd product} {ergonomic}
     bool ProfileInterpreter                       = false                                  {pd product} {command line}
    uintx ProfiledCodeHeapSize                     = 0                                      {pd product} {ergonomic}
     bool ShowCodeDetailsInExceptionMessages       = true                                   {manageable} {command line}
   size_t SoftMaxHeapSize                          = 8497659904                             {manageable} {ergonomic}
     intx TieredStopAtLevel                        = 1                                         {product} {command line}
     bool UseCompressedClassPointers               = true                           {product lp64_product} {ergonomic}
     bool UseCompressedOops                        = true                           {product lp64_product} {ergonomic}
     bool UseG1GC                                  = true                                      {product} {ergonomic}
     bool UseLargePagesIndividualAllocation        = false                                  {pd product} {ergonomic}

Logging:
Log output configuration:
 #0: stdout all=warning uptime,level,tags foldmultilines=false
 #1: stderr all=off uptime,level,tags foldmultilines=false

Environment Variables:
PATH=C:/Users/znaif/OneDrive/Documentos/CAPACITACION TRSOTWARE/STS/sts//plugins/org.eclipse.justj.openjdk.hotspot.jre.full.win32.x86_64_25.0.3.v20260502-0818/jre/bin/server;C:/Users/znaif/OneDrive/Documentos/CAPACITACION TRSOTWARE/STS/sts//plugins/org.eclipse.justj.openjdk.hotspot.jre.full.win32.x86_64_25.0.3.v20260502-0818/jre/bin;C:\Program Files (x86)\Common Files\Oracle\Java\javapath;C:\Program Files\Common Files\Oracle\Java\javapath;C:\Windows\system32;C:\Windows;C:\Windows\System32\Wbem;C:\Windows\System32\WindowsPowerShell\v1.0\;C:\Windows\System32\OpenSSH\;C:\Windows\AtlasModules;C:\Windows\AtlasModules\Tools;C:\Windows\AtlasModules\Scripts;C:\Program Files (x86)\NVIDIA Corporation\PhysX\Common;C:\Program Files\NVIDIA Corporation\NVIDIA App\NvDLISR;C:\Program Files\Git\cmd;C:\WINDOWS\system32;C:\WINDOWS;C:\WINDOWS\System32\Wbem;C:\WINDOWS\System32\WindowsPowerShell\v1.0\;C:\WINDOWS\System32\OpenSSH\;C:\Program Files\nodejs\;C:\Program Files\Docker\Docker\resources\bin;C:\Users\znaif\AppData\Local\Microsoft\WindowsApps;C:\Users\znaif\AppData\Local\Programs\Microsoft VS Code\bin;C:\Users\znaif\AppData\Local\GitHubDesktop\bin;C:\Users\znaif\AppData\Local\PowerToys\DSCModules\;C:\Program Files\JetBrains\IntelliJ IDEA 2026.1.2\bin;C:\Users\znaif\AppData\Roaming\npm;C:\Users\znaif\OneDrive\Documentos\CAPACITACION TRSOTWARE\STS\sts;
USERNAME=znaif
OS=Windows_NT
PROCESSOR_IDENTIFIER=Intel64 Family 6 Model 141 Stepping 1, GenuineIntel



---------------  S Y S T E M  ---------------

OS:
 Windows 11 , 64 bit Build 26100 (10.0.26100.8521)
OS uptime: 0 days 14:26 hours
Hyper-V role detected

CPU: total 12 (initial active 12) (6 cores per cpu, 2 threads per core) family 6 model 141 stepping 1 microcode 0x58, cx8, cmov, fxsr, ht, mmx, 3dnowpref, sse, sse2, sse3, ssse3, sse4.1, sse4.2, popcnt, lzcnt, tsc, tscinvbit, avx, avx2, aes, erms, clmul, bmi1, bmi2, adx, avx512f, avx512dq, avx512cd, avx512bw, avx512vl, sha, fma, vzeroupper, avx512_vpopcntdq, avx512_vpclmulqdq, avx512_vaes, avx512_vnni, clflush, clflushopt, clwb, avx512_vbmi2, avx512_vbmi, hv

Memory: 4k page, system-wide physical 32405M (972M free)
TotalPageFile size 44405M (AvailPageFile size 200M)
current process WorkingSet (physical memory assigned to process): 13M, peak: 13M
current process commit charge ("private bytes"): 60M, peak: 568M

vm_info: Java HotSpot(TM) 64-Bit Server VM (18.0.2.1+1-1) for windows-amd64 JRE (18.0.2.1+1-1), built on Aug 16 2022 01:46:33 by "mach5one" with MS VC++ 16.8 / 16.9 (VS2019)

END.
